<?xml version="1.0" encoding="UTF-8"?>
<!-- Generated by org.testng.reporters.JUnitXMLReporter -->
<testsuite ignored="1" hostname="LAPTOP-NFBRE8C1" failures="0" tests="1" name="Default test" time="7.449" errors="0" timestamp="2024-01-03T12:37:44 IST">
  <testcase classname="jLearnPOMRevise2.MainTest" name="contactUsTest" time="1.713"/>
  <testcase classname="jLearnPOMRevise2.MainTest" name="industryTest" time="0.0">
    <ignored/>
  </testcase> <!-- industryTest -->
</testsuite> <!-- Default test -->
