<?xml version="1.0" encoding="UTF-8"?>
<testng-results ignored="1" total="2" passed="1" failed="0" skipped="0">
  <reporter-output>
  </reporter-output>
  <suite started-at="2024-01-03T12:37:37 IST" name="Default suite" finished-at="2024-01-03T12:37:44 IST" duration-ms="7449">
    <groups>
    </groups>
    <test started-at="2024-01-03T12:37:37 IST" name="Default test" finished-at="2024-01-03T12:37:44 IST" duration-ms="7449">
      <class name="jLearnPOMRevise2.MainTest">
        <test-method is-config="true" signature="setupApplication()[pri:0, instance:jLearnPOMRevise2.MainTest@1da2cb77]" started-at="2024-01-03T12:37:37 IST" name="setupApplication" finished-at="2024-01-03T12:37:42 IST" duration-ms="5453" status="PASS">
          <reporter-output>
          </reporter-output>
        </test-method> <!-- setupApplication -->
        <test-method signature="contactUsTest()[pri:0, instance:jLearnPOMRevise2.MainTest@1da2cb77]" started-at="2024-01-03T12:37:42 IST" name="contactUsTest" finished-at="2024-01-03T12:37:44 IST" duration-ms="1713" status="PASS">
          <reporter-output>
          </reporter-output>
        </test-method> <!-- contactUsTest -->
        <test-method is-config="true" signature="closeBrowser()[pri:0, instance:jLearnPOMRevise2.MainTest@1da2cb77]" started-at="2024-01-03T12:37:44 IST" name="closeBrowser" finished-at="2024-01-03T12:37:44 IST" duration-ms="242" status="PASS">
          <reporter-output>
          </reporter-output>
        </test-method> <!-- closeBrowser -->
      </class> <!-- jLearnPOMRevise2.MainTest -->
    </test> <!-- Default test -->
  </suite> <!-- Default suite -->
</testng-results>
